<?xml version="1.0" encoding="UTF-8"?>
<testng-results ignored="0" total="0" passed="0" failed="0" skipped="0">
  <reporter-output>
  </reporter-output>
  <suite started-at="2020-11-25T08:16:32Z" name="com.atmecs.windowshandling.AppTest" finished-at="2020-11-25T08:16:32Z" duration-ms="4">
    <groups>
    </groups>
    <test started-at="2020-11-25T08:16:32Z" name="Command line test" finished-at="2020-11-25T08:16:32Z" duration-ms="4">
    </test> <!-- Command line test -->
  </suite> <!-- com.atmecs.windowshandling.AppTest -->
</testng-results>
