<?xml version="1.0" encoding="UTF-8"?>
<testng-results ignored="0" total="1" passed="1" failed="0" skipped="0">
  <reporter-output>
    <line>
      <![CDATA[INFO: The value found with Environment variable Falcon is: Falcon]]>
    </line>
    <line>
      <![CDATA[INFO: The value found with Environment Module variable handlingwindows is: handlingwindows]]>
    </line>
    <line>
      <![CDATA[The value found with Environment variable WIN_10_chrome_84 is: WIN_10_chrome_84]]>
    </line>
    <line>
      <![CDATA[INFO: Clients Found: [Falcon]
]]>
    </line>
    <line>
      <![CDATA[INFO: Modules Selected: [handlingwindows]
]]>
    </line>
    <line>
      <![CDATA[INFO: New Suite Created with name: Falcon-Sample-WIN_10_chrome_84]]>
    </line>
    <line>
      <![CDATA[<?xml version="1.0" encoding="UTF-8"?>
<!DOCTYPE suite SYSTEM "http://testng.org/testng-1.0.dtd">
<suite name="Falcon-Sample-WIN_10_chrome_84">
  <parameter name="os" value="WIN"/>
  <parameter name="osVersion" value="10"/>
  <parameter name="browser" value="chrome"/>
  <parameter name="browserVersion" value="84"/>
  <test thread-count="5" name="SampleTest">
    <classes>
      <class name="com.atmecs.windowshandling.testscript.HandlingWindows"/>
    </classes>
  </test> <!-- SampleTest -->
</suite> <!-- Falcon-Sample-WIN_10_chrome_84 -->
]]>
    </line>
    <line>
      <![CDATA[Opening browser: chrome]]>
    </line>
    <line>
      <![CDATA[Maximizing browser window]]>
    </line>
    <line>
      <![CDATA[Switching to footer section]]>
    </line>
    <line>
      <![CDATA[Clicking the media icons and handling windows]]>
    </line>
  </reporter-output>
  <suite started-at="2020-11-25T08:16:33Z" name="Falcon-Sample-WIN_10_chrome_84" finished-at="2020-11-25T08:16:59Z" duration-ms="26462">
    <groups>
    </groups>
    <test started-at="2020-11-25T08:16:33Z" name="SampleTest" finished-at="2020-11-25T08:16:59Z" duration-ms="26462">
      <class name="com.atmecs.windowshandling.testscript.HandlingWindows">
        <test-method is-config="true" signature="preSetup()[pri:0, instance:com.atmecs.windowshandling.testscript.HandlingWindows@37368834]" started-at="2020-11-25T08:16:33Z" name="preSetup" finished-at="2020-11-25T08:16:33Z" duration-ms="68" status="PASS">
          <reporter-output>
          </reporter-output>
        </test-method> <!-- preSetup -->
        <test-method signature="sampleTest(java.lang.String, java.lang.String, java.lang.String, java.lang.String)[pri:0, instance:com.atmecs.windowshandling.testscript.HandlingWindows@37368834]" started-at="2020-11-25T08:16:33Z" name="sampleTest" finished-at="2020-11-25T08:16:59Z" duration-ms="26309" status="PASS">
          <params>
            <param index="0">
              <value>
                <![CDATA[WIN]]>
              </value>
            </param>
            <param index="1">
              <value>
                <![CDATA[10]]>
              </value>
            </param>
            <param index="2">
              <value>
                <![CDATA[chrome]]>
              </value>
            </param>
            <param index="3">
              <value>
                <![CDATA[84]]>
              </value>
            </param>
          </params>
          <reporter-output>
            <line>
              <![CDATA[Opening browser: chrome]]>
            </line>
            <line>
              <![CDATA[Maximizing browser window]]>
            </line>
            <line>
              <![CDATA[Switching to footer section]]>
            </line>
            <line>
              <![CDATA[Clicking the media icons and handling windows]]>
            </line>
          </reporter-output>
        </test-method> <!-- sampleTest -->
        <test-method is-config="true" signature="teardown()[pri:0, instance:com.atmecs.windowshandling.testscript.HandlingWindows@37368834]" started-at="2020-11-25T08:16:59Z" name="teardown" finished-at="2020-11-25T08:16:59Z" duration-ms="66" status="PASS">
          <reporter-output>
          </reporter-output>
        </test-method> <!-- teardown -->
      </class> <!-- com.atmecs.windowshandling.testscript.HandlingWindows -->
    </test> <!-- SampleTest -->
  </suite> <!-- Falcon-Sample-WIN_10_chrome_84 -->
</testng-results>
